<?xml version="1.0" encoding="UTF-8"?>
<testsuite name="com.example.guessinggame.ExampleUnitTest" tests="1" skipped="0" failures="0" errors="0" timestamp="2022-10-20T05:06:16" hostname="LAPTOP-9AJ842JV" time="0.002">
  <properties/>
  <testcase name="addition_isCorrect" classname="com.example.guessinggame.ExampleUnitTest" time="0.002"/>
  <system-out><![CDATA[]]></system-out>
  <system-err><![CDATA[]]></system-err>
</testsuite>
